<?xml version="1.0" encoding="UTF-8"?>
<!-- Generated by org.testng.reporters.JUnitReportReporter -->
<testsuite hostname="DESKTOP-PQ0368B" failures="0" tests="1" name="com.springboot.MultiplicationPositive" time="1.789" errors="0" timestamp="2024-09-24T17:07:45 IST" skipped="0">
  <testcase classname="com.springboot.MultiplicationPositive" name="testcaseMultiplication" time="1.789"/>
</testsuite> <!-- com.springboot.MultiplicationPositive -->
