<?xml version="1.0" encoding="UTF-8"?>
<!-- Generated by org.testng.reporters.JUnitReportReporter -->
<testsuite hostname="DESKTOP-PQ0368B" failures="0" tests="1" name="com.springboot.Locators" time="12.373" errors="0" timestamp="2024-10-02T16:45:14 IST" skipped="0">
  <testcase classname="com.springboot.Locators" name="findLocator" time="12.373"/>
</testsuite> <!-- com.springboot.Locators -->
