<?xml version="1.0" encoding="UTF-8"?>
<!-- Generated by org.testng.reporters.JUnitReportReporter -->
<testsuite hostname="DESKTOP-PQ0368B" failures="0" tests="1" name="com.wait.FlipkartNew" time="3.947" errors="0" timestamp="2024-09-27T16:02:01 IST" skipped="0">
  <testcase classname="com.wait.FlipkartNew" name="testImplicitWait" time="3.947"/>
</testsuite> <!-- com.wait.FlipkartNew -->
