<?xml version="1.0" encoding="UTF-8"?>
<!-- Generated by org.testng.reporters.JUnitReportReporter -->
<testsuite hostname="DESKTOP-PQ0368B" failures="0" tests="1" name="com.springboot.Flipkart" time="6.574" errors="0" timestamp="2024-09-25T16:51:48 IST" skipped="0">
  <testcase classname="com.springboot.Flipkart" name="flipkartTest" time="6.574"/>
</testsuite> <!-- com.springboot.Flipkart -->
