<?xml version="1.0" encoding="UTF-8"?>
<!-- Generated by org.testng.reporters.JUnitReportReporter -->
<testsuite hostname="DESKTOP-PQ0368B" failures="0" tests="1" name="com.springboot.YoutubeSong" time="11.673" errors="0" timestamp="2024-09-27T16:28:35 IST" skipped="0">
  <testcase classname="com.springboot.YoutubeSong" name="song" time="11.673"/>
</testsuite> <!-- com.springboot.YoutubeSong -->
