<?xml version="1.0" encoding="UTF-8"?>
<!-- Generated by org.testng.reporters.JUnitReportReporter -->
<testsuite hostname="DESKTOP-PQ0368B" failures="0" tests="1" name="com.springboot.SquarePositive" time="1.794" errors="0" timestamp="2024-09-24T17:05:23 IST" skipped="0">
  <testcase classname="com.springboot.SquarePositive" name="testcaseSquare" time="1.794"/>
</testsuite> <!-- com.springboot.SquarePositive -->
