<?xml version="1.0" encoding="UTF-8"?>
<!-- Generated by org.testng.reporters.JUnitReportReporter -->
<testsuite hostname="DESKTOP-PQ0368B" failures="0" tests="2" name="com.springboot.SwagLabTest" time="6.678" errors="0" timestamp="2024-10-11T18:07:10 IST" skipped="0">
  <testcase classname="com.springboot.SwagLabTest" name="swagLabTest" time="3.581"/>
  <testcase classname="com.springboot.SwagLabTest" name="swagLabTest1" time="3.097"/>
</testsuite> <!-- com.springboot.SwagLabTest -->
