<?xml version="1.0" encoding="UTF-8"?>
<!-- Generated by org.testng.reporters.JUnitReportReporter -->
<testsuite hostname="DESKTOP-PQ0368B" failures="0" tests="1" name="com.springboot.HelloWorldPositive" time="2.363" errors="0" timestamp="2024-09-24T17:14:44 IST" skipped="0">
  <testcase classname="com.springboot.HelloWorldPositive" name="testcaseHelloWorld" time="2.363"/>
</testsuite> <!-- com.springboot.HelloWorldPositive -->
