<?xml version="1.0" encoding="UTF-8"?>
<!-- Generated by org.testng.reporters.JUnitReportReporter -->
<testsuite hostname="DESKTOP-PQ0368B" failures="0" tests="1" name="com.springboot.SubtractionPositive" time="1.827" errors="0" timestamp="2024-09-24T17:09:51 IST" skipped="0">
  <testcase classname="com.springboot.SubtractionPositive" name="subtraction" time="1.827"/>
</testsuite> <!-- com.springboot.SubtractionPositive -->
