<?xml version="1.0" encoding="UTF-8"?>
<!-- Generated by org.testng.reporters.JUnitReportReporter -->
<testsuite hostname="DESKTOP-PQ0368B" failures="0" tests="1" name="com.wait.FlipkartURLTest" time="4.531" errors="0" timestamp="2024-10-07T18:32:48 IST" skipped="0">
  <testcase classname="com.wait.FlipkartURLTest" name="testURLWithImplicitWait" time="4.531"/>
</testsuite> <!-- com.wait.FlipkartURLTest -->
