<?xml version="1.0" encoding="UTF-8"?>
<!-- Generated by org.testng.reporters.JUnitReportReporter -->
<testsuite hostname="DESKTOP-PQ0368B" failures="0" tests="1" name="com.springboot.GoogleMap" time="4.199" errors="0" timestamp="2024-10-07T18:53:05 IST" skipped="0">
  <testcase classname="com.springboot.GoogleMap" name="testGoogleMap" time="4.199"/>
</testsuite> <!-- com.springboot.GoogleMap -->
