<?xml version="1.0" encoding="UTF-8"?>
<!-- Generated by org.testng.reporters.JUnitReportReporter -->
<testsuite hostname="DESKTOP-PQ0368B" failures="0" tests="1" name="com.springboot.AdditionPositive" time="1.710" errors="0" timestamp="2024-09-29T22:27:47 IST" skipped="0">
  <testcase classname="com.springboot.AdditionPositive" name="testcaseAddition" time="1.710"/>
</testsuite> <!-- com.springboot.AdditionPositive -->
