<?xml version="1.0" encoding="UTF-8"?>
<!-- Generated by org.testng.reporters.JUnitReportReporter -->
<testsuite hostname="DESKTOP-PQ0368B" failures="0" tests="1" name="com.springboot.DevisionPositive" time="1.798" errors="0" timestamp="2024-09-24T17:02:53 IST" skipped="0">
  <testcase classname="com.springboot.DevisionPositive" name="testcaseDivision" time="1.798"/>
</testsuite> <!-- com.springboot.DevisionPositive -->
